DEBUG 2016-08-20 00:40:33,010 sprinkler 68308 139941860673280 beginning of __init__
DEBUG 2016-08-20 00:40:33,010 sprinkler 68308 139941860673280 end of __init__
DEBUG 2016-08-20 00:40:40,551 sprinkler 68308 139941770159872 beginning of init_GPIO, for pin: 12 and gpio_type: OUT
DEBUG 2016-08-20 00:40:40,551 sprinkler 68308 139941770159872 set pin 12
DEBUG 2016-08-20 00:40:40,551 sprinkler 68308 139941770159872 end of init_GPIO, for pin: 12 and gpio_type: OUT
DEBUG 2016-08-20 00:40:40,551 sprinkler 68308 139941770159872 beginning of change_state for pin 12 state to LOW
DEBUG 2016-08-20 00:40:40,552 sprinkler 68308 139941770159872 end of change_state for pin 12 state to LOW
DEBUG 2016-08-20 00:40:42,991 sprinkler 68308 139941770159872 beginning of init_GPIO, for pin: 12 and gpio_type: OUT
DEBUG 2016-08-20 00:40:42,991 sprinkler 68308 139941770159872 pin: 12 already exists
DEBUG 2016-08-20 00:40:42,991 sprinkler 68308 139941770159872 end of init_GPIO, for pin: 12 and gpio_type: OUT
DEBUG 2016-08-20 00:40:42,991 sprinkler 68308 139941770159872 beginning of change_state for pin 12 state to HIGH
DEBUG 2016-08-20 00:40:42,991 sprinkler 68308 139941770159872 end of change_state for pin 12 state to HIGH
DEBUG 2016-08-20 00:41:44,275 sprinkler 68339 140159342327552 beginning of __init__
DEBUG 2016-08-20 00:41:44,276 sprinkler 68339 140159342327552 end of __init__
DEBUG 2016-08-20 00:41:46,762 sprinkler 68339 140159330977536 beginning of init_GPIO, for pin: 12 and gpio_type: OUT
DEBUG 2016-08-20 00:41:46,762 sprinkler 68339 140159330977536 set pin 12
DEBUG 2016-08-20 00:41:46,762 sprinkler 68339 140159330977536 end of init_GPIO, for pin: 12 and gpio_type: OUT
DEBUG 2016-08-20 00:41:46,762 sprinkler 68339 140159330977536 beginning of change_state for pin 12 state to LOW
DEBUG 2016-08-20 00:41:46,763 sprinkler 68339 140159330977536 end of change_state for pin 12 state to LOW
DEBUG 2016-08-20 00:41:47,844 sprinkler 68339 140159330977536 beginning of init_GPIO, for pin: 12 and gpio_type: OUT
DEBUG 2016-08-20 00:41:47,844 sprinkler 68339 140159330977536 pin: 12 already exists
DEBUG 2016-08-20 00:41:47,844 sprinkler 68339 140159330977536 end of init_GPIO, for pin: 12 and gpio_type: OUT
DEBUG 2016-08-20 00:41:47,844 sprinkler 68339 140159330977536 beginning of change_state for pin 12 state to HIGH
DEBUG 2016-08-20 00:41:47,844 sprinkler 68339 140159330977536 end of change_state for pin 12 state to HIGH
DEBUG 2016-08-20 00:44:21,176 sprinkler 68394 139882555713280 beginning of __init__
DEBUG 2016-08-20 00:44:21,178 sprinkler 68394 139882555713280 end of __init__
DEBUG 2016-08-20 00:44:31,508 sprinkler 68394 139882544363264 beginning of init_GPIO, for pin: 12 and gpio_type: OUT
DEBUG 2016-08-20 00:44:31,508 sprinkler 68394 139882544363264 set pin 12
DEBUG 2016-08-20 00:44:31,508 sprinkler 68394 139882544363264 end of init_GPIO, for pin: 12 and gpio_type: OUT
DEBUG 2016-08-20 00:44:31,508 sprinkler 68394 139882544363264 beginning of change_state for pin 12 state to LOW
DEBUG 2016-08-20 00:44:31,508 sprinkler 68394 139882544363264 end of change_state for pin 12 state to LOW
DEBUG 2016-08-20 00:44:33,070 sprinkler 68394 139882544363264 beginning of init_GPIO, for pin: 12 and gpio_type: OUT
DEBUG 2016-08-20 00:44:33,071 sprinkler 68394 139882544363264 pin: 12 already exists
DEBUG 2016-08-20 00:44:33,071 sprinkler 68394 139882544363264 end of init_GPIO, for pin: 12 and gpio_type: OUT
DEBUG 2016-08-20 00:44:33,071 sprinkler 68394 139882544363264 beginning of change_state for pin 12 state to HIGH
DEBUG 2016-08-20 00:44:33,073 sprinkler 68394 139882544363264 end of change_state for pin 12 state to HIGH
DEBUG 2016-08-20 00:44:40,123 sprinkler 68417 140514619414272 beginning of __init__
DEBUG 2016-08-20 00:44:40,123 sprinkler 68417 140514619414272 end of __init__
DEBUG 2016-08-20 00:44:44,272 sprinkler 68417 140514608064256 beginning of init_GPIO, for pin: 12 and gpio_type: OUT
DEBUG 2016-08-20 00:44:44,272 sprinkler 68417 140514608064256 set pin 12
DEBUG 2016-08-20 00:44:44,272 sprinkler 68417 140514608064256 end of init_GPIO, for pin: 12 and gpio_type: OUT
DEBUG 2016-08-20 00:44:44,272 sprinkler 68417 140514608064256 beginning of change_state for pin 12 state to LOW
DEBUG 2016-08-20 00:44:44,273 sprinkler 68417 140514608064256 end of change_state for pin 12 state to LOW
DEBUG 2016-08-20 00:44:46,249 sprinkler 68417 140514608064256 beginning of init_GPIO, for pin: 12 and gpio_type: OUT
DEBUG 2016-08-20 00:44:46,250 sprinkler 68417 140514608064256 pin: 12 already exists
DEBUG 2016-08-20 00:44:46,250 sprinkler 68417 140514608064256 end of init_GPIO, for pin: 12 and gpio_type: OUT
DEBUG 2016-08-20 00:44:46,250 sprinkler 68417 140514608064256 beginning of change_state for pin 12 state to HIGH
DEBUG 2016-08-20 00:44:46,250 sprinkler 68417 140514608064256 end of change_state for pin 12 state to HIGH
DEBUG 2016-08-20 00:45:13,589 sprinkler 68439 139671203280640 beginning of __init__
DEBUG 2016-08-20 00:45:13,589 sprinkler 68439 139671203280640 end of __init__
DEBUG 2016-08-20 00:45:20,858 sprinkler 68439 139671191930624 beginning of init_GPIO, for pin: 22 and gpio_type: OUT
DEBUG 2016-08-20 00:45:20,859 sprinkler 68439 139671191930624 set pin 22
DEBUG 2016-08-20 00:45:20,860 sprinkler 68439 139671191930624 end of init_GPIO, for pin: 22 and gpio_type: OUT
DEBUG 2016-08-20 00:45:20,860 sprinkler 68439 139671191930624 beginning of change_state for pin 22 state to LOW
DEBUG 2016-08-20 00:45:20,860 sprinkler 68439 139671191930624 end of change_state for pin 22 state to LOW
DEBUG 2016-08-20 00:45:22,693 sprinkler 68439 139671191930624 beginning of init_GPIO, for pin: 22 and gpio_type: OUT
DEBUG 2016-08-20 00:45:22,693 sprinkler 68439 139671191930624 pin: 22 already exists
DEBUG 2016-08-20 00:45:22,693 sprinkler 68439 139671191930624 end of init_GPIO, for pin: 22 and gpio_type: OUT
DEBUG 2016-08-20 00:45:22,694 sprinkler 68439 139671191930624 beginning of change_state for pin 22 state to HIGH
DEBUG 2016-08-20 00:45:22,694 sprinkler 68439 139671191930624 end of change_state for pin 22 state to HIGH
DEBUG 2016-08-20 00:45:31,595 sprinkler 68467 139768814982912 beginning of __init__
DEBUG 2016-08-20 00:45:31,595 sprinkler 68467 139768814982912 end of __init__
DEBUG 2016-08-20 00:45:33,787 sprinkler 68467 139768803632896 beginning of init_GPIO, for pin: 22 and gpio_type: OUT
DEBUG 2016-08-20 00:45:33,787 sprinkler 68467 139768803632896 set pin 22
DEBUG 2016-08-20 00:45:33,787 sprinkler 68467 139768803632896 end of init_GPIO, for pin: 22 and gpio_type: OUT
DEBUG 2016-08-20 00:45:33,788 sprinkler 68467 139768803632896 beginning of change_state for pin 22 state to LOW
DEBUG 2016-08-20 00:45:33,788 sprinkler 68467 139768803632896 end of change_state for pin 22 state to LOW
DEBUG 2016-08-20 00:45:34,890 sprinkler 68467 139768803632896 beginning of init_GPIO, for pin: 22 and gpio_type: OUT
DEBUG 2016-08-20 00:45:34,890 sprinkler 68467 139768803632896 pin: 22 already exists
DEBUG 2016-08-20 00:45:34,890 sprinkler 68467 139768803632896 end of init_GPIO, for pin: 22 and gpio_type: OUT
DEBUG 2016-08-20 00:45:34,890 sprinkler 68467 139768803632896 beginning of change_state for pin 22 state to HIGH
DEBUG 2016-08-20 00:45:34,890 sprinkler 68467 139768803632896 end of change_state for pin 22 state to HIGH
DEBUG 2016-08-20 00:47:38,014 sprinkler 68533 140363343832832 beginning of __init__
DEBUG 2016-08-20 00:47:38,015 sprinkler 68533 140363343832832 end of __init__
DEBUG 2016-08-20 00:47:40,029 sprinkler 68533 140363332482816 beginning of init_GPIO, for pin: 22 and gpio_type: OUT
DEBUG 2016-08-20 00:47:40,029 sprinkler 68533 140363332482816 set pin 22
DEBUG 2016-08-20 00:47:40,029 sprinkler 68533 140363332482816 end of init_GPIO, for pin: 22 and gpio_type: OUT
DEBUG 2016-08-20 00:47:40,030 sprinkler 68533 140363332482816 beginning of change_state for pin 22 state to LOW
DEBUG 2016-08-20 00:47:40,032 sprinkler 68533 140363332482816 end of change_state for pin 22 state to LOW
DEBUG 2016-08-20 00:47:41,011 sprinkler 68533 140363332482816 beginning of init_GPIO, for pin: 22 and gpio_type: OUT
DEBUG 2016-08-20 00:47:41,011 sprinkler 68533 140363332482816 pin: 22 already exists
DEBUG 2016-08-20 00:47:41,011 sprinkler 68533 140363332482816 end of init_GPIO, for pin: 22 and gpio_type: OUT
DEBUG 2016-08-20 00:47:41,011 sprinkler 68533 140363332482816 beginning of change_state for pin 22 state to HIGH
DEBUG 2016-08-20 00:47:41,011 sprinkler 68533 140363332482816 end of change_state for pin 22 state to HIGH
DEBUG 2016-08-20 00:47:45,558 sprinkler 68544 139793646962432 beginning of __init__
DEBUG 2016-08-20 00:47:45,559 sprinkler 68544 139793646962432 end of __init__
DEBUG 2016-08-20 00:47:48,419 sprinkler 68544 139793635612416 beginning of init_GPIO, for pin: 22 and gpio_type: OUT
DEBUG 2016-08-20 00:47:48,420 sprinkler 68544 139793635612416 set pin 22
DEBUG 2016-08-20 00:47:48,420 sprinkler 68544 139793635612416 end of init_GPIO, for pin: 22 and gpio_type: OUT
DEBUG 2016-08-20 00:47:48,420 sprinkler 68544 139793635612416 beginning of change_state for pin 22 state to LOW
DEBUG 2016-08-20 00:47:48,420 sprinkler 68544 139793635612416 end of change_state for pin 22 state to LOW
DEBUG 2016-08-20 00:47:49,323 sprinkler 68544 139793635612416 beginning of init_GPIO, for pin: 22 and gpio_type: OUT
DEBUG 2016-08-20 00:47:49,324 sprinkler 68544 139793635612416 pin: 22 already exists
DEBUG 2016-08-20 00:47:49,324 sprinkler 68544 139793635612416 end of init_GPIO, for pin: 22 and gpio_type: OUT
DEBUG 2016-08-20 00:47:49,324 sprinkler 68544 139793635612416 beginning of change_state for pin 22 state to HIGH
DEBUG 2016-08-20 00:47:49,324 sprinkler 68544 139793635612416 end of change_state for pin 22 state to HIGH
DEBUG 2016-08-20 00:47:56,231 sprinkler 68557 140284059854592 beginning of __init__
DEBUG 2016-08-20 00:47:56,231 sprinkler 68557 140284059854592 end of __init__
DEBUG 2016-08-20 00:47:59,896 sprinkler 68557 140284048504576 beginning of init_GPIO, for pin: 22 and gpio_type: OUT
DEBUG 2016-08-20 00:47:59,896 sprinkler 68557 140284048504576 set pin 22
DEBUG 2016-08-20 00:47:59,897 sprinkler 68557 140284048504576 end of init_GPIO, for pin: 22 and gpio_type: OUT
DEBUG 2016-08-20 00:47:59,897 sprinkler 68557 140284048504576 beginning of change_state for pin 22 state to LOW
DEBUG 2016-08-20 00:47:59,897 sprinkler 68557 140284048504576 end of change_state for pin 22 state to LOW
DEBUG 2016-08-20 00:48:00,982 sprinkler 68557 140284048504576 beginning of init_GPIO, for pin: 22 and gpio_type: OUT
DEBUG 2016-08-20 00:48:00,983 sprinkler 68557 140284048504576 pin: 22 already exists
DEBUG 2016-08-20 00:48:00,983 sprinkler 68557 140284048504576 end of init_GPIO, for pin: 22 and gpio_type: OUT
DEBUG 2016-08-20 00:48:00,983 sprinkler 68557 140284048504576 beginning of change_state for pin 22 state to HIGH
DEBUG 2016-08-20 00:48:00,983 sprinkler 68557 140284048504576 end of change_state for pin 22 state to HIGH
DEBUG 2016-08-20 00:50:07,685 sprinkler 68598 140683409057536 beginning of __init__
DEBUG 2016-08-20 00:50:07,686 sprinkler 68598 140683409057536 end of __init__
DEBUG 2016-08-20 00:50:16,428 sprinkler 68598 140683329328896 beginning of init_GPIO, for pin: 12 and gpio_type: OUT
DEBUG 2016-08-20 00:50:16,429 sprinkler 68598 140683329328896 set pin 12
DEBUG 2016-08-20 00:50:16,430 sprinkler 68598 140683329328896 end of init_GPIO, for pin: 12 and gpio_type: OUT
DEBUG 2016-08-20 00:50:16,430 sprinkler 68598 140683329328896 beginning of change_state for pin 12 state to LOW
DEBUG 2016-08-20 00:50:16,430 sprinkler 68598 140683329328896 end of change_state for pin 12 state to LOW
DEBUG 2016-08-20 00:50:17,611 sprinkler 68598 140683329328896 beginning of init_GPIO, for pin: 12 and gpio_type: OUT
DEBUG 2016-08-20 00:50:17,611 sprinkler 68598 140683329328896 pin: 12 already exists
DEBUG 2016-08-20 00:50:17,611 sprinkler 68598 140683329328896 end of init_GPIO, for pin: 12 and gpio_type: OUT
DEBUG 2016-08-20 00:50:17,611 sprinkler 68598 140683329328896 beginning of change_state for pin 12 state to HIGH
DEBUG 2016-08-20 00:50:17,611 sprinkler 68598 140683329328896 end of change_state for pin 12 state to HIGH
DEBUG 2016-08-20 00:50:23,194 sprinkler 68622 140110388737792 beginning of __init__
DEBUG 2016-08-20 00:50:23,195 sprinkler 68622 140110388737792 end of __init__
DEBUG 2016-08-20 00:50:25,648 sprinkler 68622 140110377387776 beginning of init_GPIO, for pin: 12 and gpio_type: OUT
DEBUG 2016-08-20 00:50:25,648 sprinkler 68622 140110377387776 set pin 12
DEBUG 2016-08-20 00:50:25,648 sprinkler 68622 140110377387776 end of init_GPIO, for pin: 12 and gpio_type: OUT
DEBUG 2016-08-20 00:50:25,649 sprinkler 68622 140110377387776 beginning of change_state for pin 12 state to LOW
DEBUG 2016-08-20 00:50:25,649 sprinkler 68622 140110377387776 end of change_state for pin 12 state to LOW
DEBUG 2016-08-20 00:50:26,301 sprinkler 68622 140110377387776 beginning of init_GPIO, for pin: 12 and gpio_type: OUT
DEBUG 2016-08-20 00:50:26,301 sprinkler 68622 140110377387776 pin: 12 already exists
DEBUG 2016-08-20 00:50:26,301 sprinkler 68622 140110377387776 end of init_GPIO, for pin: 12 and gpio_type: OUT
DEBUG 2016-08-20 00:50:26,301 sprinkler 68622 140110377387776 beginning of change_state for pin 12 state to HIGH
DEBUG 2016-08-20 00:50:26,302 sprinkler 68622 140110377387776 end of change_state for pin 12 state to HIGH
DEBUG 2016-08-20 00:52:09,954 sprinkler 68661 140530627892992 beginning of __init__
DEBUG 2016-08-20 00:52:09,954 sprinkler 68661 140530627892992 end of __init__
DEBUG 2016-08-20 00:52:17,946 sprinkler 68661 140530616542976 beginning of init_GPIO, for pin: 12 and gpio_type: OUT
DEBUG 2016-08-20 00:52:17,947 sprinkler 68661 140530616542976 set pin 12
DEBUG 2016-08-20 00:52:17,949 sprinkler 68661 140530616542976 end of init_GPIO, for pin: 12 and gpio_type: OUT
DEBUG 2016-08-20 00:52:17,955 sprinkler 68661 140530616542976 beginning of change_state for pin 12 state to LOW
DEBUG 2016-08-20 00:52:17,957 sprinkler 68661 140530616542976 end of change_state for pin 12 state to LOW
DEBUG 2016-08-20 00:52:18,878 sprinkler 68661 140530616542976 beginning of init_GPIO, for pin: 12 and gpio_type: OUT
DEBUG 2016-08-20 00:52:18,879 sprinkler 68661 140530616542976 pin: 12 already exists
DEBUG 2016-08-20 00:52:18,879 sprinkler 68661 140530616542976 end of init_GPIO, for pin: 12 and gpio_type: OUT
DEBUG 2016-08-20 00:52:18,879 sprinkler 68661 140530616542976 beginning of change_state for pin 12 state to HIGH
DEBUG 2016-08-20 00:52:18,879 sprinkler 68661 140530616542976 end of change_state for pin 12 state to HIGH
DEBUG 2016-08-20 00:53:24,526 sprinkler 68699 140339714119424 beginning of __init__
DEBUG 2016-08-20 00:53:24,527 sprinkler 68699 140339714119424 end of __init__
DEBUG 2016-08-20 00:53:27,929 sprinkler 68699 140339702769408 beginning of init_GPIO, for pin: 12 and gpio_type: OUT
DEBUG 2016-08-20 00:53:27,929 sprinkler 68699 140339702769408 set pin 12
DEBUG 2016-08-20 00:53:27,930 sprinkler 68699 140339702769408 end of init_GPIO, for pin: 12 and gpio_type: OUT
DEBUG 2016-08-20 00:53:27,932 sprinkler 68699 140339702769408 beginning of change_state for pin 12 state to LOW
DEBUG 2016-08-20 00:53:27,933 sprinkler 68699 140339702769408 end of change_state for pin 12 state to LOW
DEBUG 2016-08-20 00:53:28,866 sprinkler 68699 140339702769408 beginning of init_GPIO, for pin: 12 and gpio_type: OUT
DEBUG 2016-08-20 00:53:28,866 sprinkler 68699 140339702769408 pin: 12 already exists
DEBUG 2016-08-20 00:53:28,866 sprinkler 68699 140339702769408 end of init_GPIO, for pin: 12 and gpio_type: OUT
DEBUG 2016-08-20 00:53:28,867 sprinkler 68699 140339702769408 beginning of change_state for pin 12 state to HIGH
DEBUG 2016-08-20 00:53:28,867 sprinkler 68699 140339702769408 end of change_state for pin 12 state to HIGH
DEBUG 2016-08-20 00:53:35,045 sprinkler 68714 140638566110976 beginning of __init__
DEBUG 2016-08-20 00:53:35,046 sprinkler 68714 140638566110976 end of __init__
DEBUG 2016-08-20 00:53:38,566 sprinkler 68714 140638554760960 beginning of init_GPIO, for pin: 12 and gpio_type: OUT
DEBUG 2016-08-20 00:53:38,567 sprinkler 68714 140638554760960 set pin 12
DEBUG 2016-08-20 00:53:38,567 sprinkler 68714 140638554760960 end of init_GPIO, for pin: 12 and gpio_type: OUT
DEBUG 2016-08-20 00:53:38,567 sprinkler 68714 140638554760960 beginning of change_state for pin 12 state to LOW
DEBUG 2016-08-20 00:53:38,569 sprinkler 68714 140638554760960 end of change_state for pin 12 state to LOW
DEBUG 2016-08-20 00:53:39,281 sprinkler 68714 140638554760960 beginning of init_GPIO, for pin: 12 and gpio_type: OUT
DEBUG 2016-08-20 00:53:39,281 sprinkler 68714 140638554760960 pin: 12 already exists
DEBUG 2016-08-20 00:53:39,281 sprinkler 68714 140638554760960 end of init_GPIO, for pin: 12 and gpio_type: OUT
DEBUG 2016-08-20 00:53:39,281 sprinkler 68714 140638554760960 beginning of change_state for pin 12 state to HIGH
DEBUG 2016-08-20 00:53:39,281 sprinkler 68714 140638554760960 end of change_state for pin 12 state to HIGH
DEBUG 2016-08-20 00:53:52,870 sprinkler 68730 140460873897728 beginning of __init__
DEBUG 2016-08-20 00:53:52,870 sprinkler 68730 140460873897728 end of __init__
DEBUG 2016-08-20 00:53:54,741 sprinkler 68730 140460862547712 beginning of init_GPIO, for pin: 12 and gpio_type: OUT
DEBUG 2016-08-20 00:53:54,742 sprinkler 68730 140460862547712 set pin 12
DEBUG 2016-08-20 00:53:54,742 sprinkler 68730 140460862547712 end of init_GPIO, for pin: 12 and gpio_type: OUT
DEBUG 2016-08-20 00:53:54,742 sprinkler 68730 140460862547712 beginning of change_state for pin 12 state to LOW
DEBUG 2016-08-20 00:53:54,743 sprinkler 68730 140460862547712 end of change_state for pin 12 state to LOW
DEBUG 2016-08-20 00:53:55,234 sprinkler 68730 140460862547712 beginning of init_GPIO, for pin: 12 and gpio_type: OUT
DEBUG 2016-08-20 00:53:55,234 sprinkler 68730 140460862547712 pin: 12 already exists
DEBUG 2016-08-20 00:53:55,234 sprinkler 68730 140460862547712 end of init_GPIO, for pin: 12 and gpio_type: OUT
DEBUG 2016-08-20 00:53:55,234 sprinkler 68730 140460862547712 beginning of change_state for pin 12 state to HIGH
DEBUG 2016-08-20 00:53:55,234 sprinkler 68730 140460862547712 end of change_state for pin 12 state to HIGH
DEBUG 2016-08-20 00:53:59,795 sprinkler 68742 140404900017920 beginning of __init__
DEBUG 2016-08-20 00:53:59,795 sprinkler 68742 140404900017920 end of __init__
DEBUG 2016-08-20 00:54:02,259 sprinkler 68742 140404888667904 beginning of init_GPIO, for pin: 12 and gpio_type: OUT
DEBUG 2016-08-20 00:54:02,262 sprinkler 68742 140404888667904 set pin 12
DEBUG 2016-08-20 00:54:02,262 sprinkler 68742 140404888667904 end of init_GPIO, for pin: 12 and gpio_type: OUT
DEBUG 2016-08-20 00:54:02,263 sprinkler 68742 140404888667904 beginning of change_state for pin 12 state to LOW
DEBUG 2016-08-20 00:54:02,267 sprinkler 68742 140404888667904 end of change_state for pin 12 state to LOW
DEBUG 2016-08-20 00:54:03,205 sprinkler 68742 140404888667904 beginning of init_GPIO, for pin: 12 and gpio_type: OUT
DEBUG 2016-08-20 00:54:03,205 sprinkler 68742 140404888667904 pin: 12 already exists
DEBUG 2016-08-20 00:54:03,205 sprinkler 68742 140404888667904 end of init_GPIO, for pin: 12 and gpio_type: OUT
DEBUG 2016-08-20 00:54:03,205 sprinkler 68742 140404888667904 beginning of change_state for pin 12 state to HIGH
DEBUG 2016-08-20 00:54:03,205 sprinkler 68742 140404888667904 end of change_state for pin 12 state to HIGH
DEBUG 2016-08-20 00:57:11,876 sprinkler 68820 140514173576960 beginning of __init__
DEBUG 2016-08-20 00:57:11,876 sprinkler 68820 140514173576960 end of __init__
DEBUG 2016-08-20 00:57:16,590 sprinkler 68820 140514162226944 beginning of init_GPIO, for pin: 12 and gpio_type: OUT
DEBUG 2016-08-20 00:57:16,590 sprinkler 68820 140514162226944 set pin 12
DEBUG 2016-08-20 00:57:16,590 sprinkler 68820 140514162226944 end of init_GPIO, for pin: 12 and gpio_type: OUT
DEBUG 2016-08-20 00:57:16,590 sprinkler 68820 140514162226944 beginning of change_state for pin 12 state to LOW
DEBUG 2016-08-20 00:57:16,590 sprinkler 68820 140514162226944 end of change_state for pin 12 state to LOW
