DEBUG 2016-08-20 00:40:36,474 views 68308 139941778552576 beginning views.index with request: <WSGIRequest: POST '/sprinkler/'>
INFO 2016-08-20 00:40:36,499 views 68308 139941778552576 views.index context: {'scheduler': <Scheduler: MySprinklerPi>, 'sprinkler_list': [<Sprinkler: 1|Flowers_>, <Sprinkler: 2|Side2>, <Sprinkler: 3|Deck_sprinkler3>, <Sprinkler: 4|Front_Yard4>]}
DEBUG 2016-08-20 00:40:36,599 views 68308 139941778552576 end views.index with request: <WSGIRequest: POST '/sprinkler/'>
DEBUG 2016-08-20 00:40:40,544 views 68308 139941770159872 beginning views.act for sprinkler_id: 1 with request: {"sprinkler":{"id":"1","status":true}}
INFO 2016-08-20 00:40:40,544 views 68308 139941770159872 RAW POST request : b'{"sprinkler":{"id":"1","status":true}}'
DEBUG 2016-08-20 00:40:40,550 views 68308 139941770159872 sprinkler port: 12
DEBUG 2016-08-20 00:40:40,551 views 68308 139941770159872 activate sprinkler : 1
DEBUG 2016-08-20 00:40:40,552 views 68308 139941770159872 end views.act for sprinkler_id: 1 with request: {"sprinkler":{"id":"1","status":true}}
DEBUG 2016-08-20 00:40:42,988 views 68308 139941770159872 beginning views.act for sprinkler_id: 1 with request: {"sprinkler":{"id":"1","status":false}}
INFO 2016-08-20 00:40:42,988 views 68308 139941770159872 RAW POST request : b'{"sprinkler":{"id":"1","status":false}}'
DEBUG 2016-08-20 00:40:42,990 views 68308 139941770159872 sprinkler port: 12
DEBUG 2016-08-20 00:40:42,991 views 68308 139941770159872 deactivate sprinkler : 1
DEBUG 2016-08-20 00:40:42,991 views 68308 139941770159872 end views.act for sprinkler_id: 1 with request: {"sprinkler":{"id":"1","status":false}}
DEBUG 2016-08-20 00:41:46,745 views 68339 140159330977536 beginning views.act for sprinkler_id: 1 with request: {"sprinkler":{"id":"1","status":true}}
INFO 2016-08-20 00:41:46,746 views 68339 140159330977536 RAW POST request : b'{"sprinkler":{"id":"1","status":true}}'
DEBUG 2016-08-20 00:41:46,761 views 68339 140159330977536 sprinkler port: 12
DEBUG 2016-08-20 00:41:46,762 views 68339 140159330977536 activate sprinkler : 1
DEBUG 2016-08-20 00:41:46,763 views 68339 140159330977536 end views.act for sprinkler_id: 1 with request: {"sprinkler":{"id":"1","status":true}}
DEBUG 2016-08-20 00:41:47,841 views 68339 140159330977536 beginning views.act for sprinkler_id: 1 with request: {"sprinkler":{"id":"1","status":false}}
INFO 2016-08-20 00:41:47,841 views 68339 140159330977536 RAW POST request : b'{"sprinkler":{"id":"1","status":false}}'
DEBUG 2016-08-20 00:41:47,844 views 68339 140159330977536 sprinkler port: 12
DEBUG 2016-08-20 00:41:47,844 views 68339 140159330977536 deactivate sprinkler : 1
DEBUG 2016-08-20 00:41:47,845 views 68339 140159330977536 end views.act for sprinkler_id: 1 with request: {"sprinkler":{"id":"1","status":false}}
DEBUG 2016-08-20 00:44:25,699 views 68394 139882544363264 beginning views.index with request: <WSGIRequest: POST '/sprinkler/'>
INFO 2016-08-20 00:44:25,721 views 68394 139882544363264 views.index context: {'sprinkler_list': [<Sprinkler: 1|Flowers_>, <Sprinkler: 2|Side2>, <Sprinkler: 3|Deck_sprinkler3>, <Sprinkler: 4|Front_Yard4>], 'scheduler': <Scheduler: MySprinklerPi>}
DEBUG 2016-08-20 00:44:25,783 views 68394 139882544363264 end views.index with request: <WSGIRequest: POST '/sprinkler/'>
DEBUG 2016-08-20 00:44:31,503 views 68394 139882544363264 beginning views.act for sprinkler_id: 1 with request: {"sprinkler":{"id":"1","status":true}}
INFO 2016-08-20 00:44:31,503 views 68394 139882544363264 RAW POST request : b'{"sprinkler":{"id":"1","status":true}}'
DEBUG 2016-08-20 00:44:31,507 views 68394 139882544363264 sprinkler port: 12
DEBUG 2016-08-20 00:44:31,508 views 68394 139882544363264 activate sprinkler : 1
DEBUG 2016-08-20 00:44:31,509 views 68394 139882544363264 end views.act for sprinkler_id: 1 with request: {"sprinkler":{"id":"1","status":true}}
DEBUG 2016-08-20 00:44:33,067 views 68394 139882544363264 beginning views.act for sprinkler_id: 1 with request: {"sprinkler":{"id":"1","status":false}}
INFO 2016-08-20 00:44:33,067 views 68394 139882544363264 RAW POST request : b'{"sprinkler":{"id":"1","status":false}}'
DEBUG 2016-08-20 00:44:33,070 views 68394 139882544363264 sprinkler port: 12
DEBUG 2016-08-20 00:44:33,071 views 68394 139882544363264 deactivate sprinkler : 1
DEBUG 2016-08-20 00:44:33,073 views 68394 139882544363264 end views.act for sprinkler_id: 1 with request: {"sprinkler":{"id":"1","status":false}}
DEBUG 2016-08-20 00:44:44,263 views 68417 140514608064256 beginning views.act for sprinkler_id: 1 with request: {"sprinkler":{"id":"1","status":true}}
INFO 2016-08-20 00:44:44,265 views 68417 140514608064256 RAW POST request : b'{"sprinkler":{"id":"1","status":true}}'
DEBUG 2016-08-20 00:44:44,271 views 68417 140514608064256 sprinkler port: 12
DEBUG 2016-08-20 00:44:44,272 views 68417 140514608064256 activate sprinkler : 1
DEBUG 2016-08-20 00:44:44,273 views 68417 140514608064256 end views.act for sprinkler_id: 1 with request: {"sprinkler":{"id":"1","status":true}}
DEBUG 2016-08-20 00:44:46,239 views 68417 140514608064256 beginning views.act for sprinkler_id: 1 with request: {"sprinkler":{"id":"1","status":false}}
INFO 2016-08-20 00:44:46,242 views 68417 140514608064256 RAW POST request : b'{"sprinkler":{"id":"1","status":false}}'
DEBUG 2016-08-20 00:44:46,249 views 68417 140514608064256 sprinkler port: 12
DEBUG 2016-08-20 00:44:46,250 views 68417 140514608064256 deactivate sprinkler : 1
DEBUG 2016-08-20 00:44:46,250 views 68417 140514608064256 end views.act for sprinkler_id: 1 with request: {"sprinkler":{"id":"1","status":false}}
DEBUG 2016-08-20 00:45:16,284 views 68439 139671191930624 beginning views.index with request: <WSGIRequest: POST '/sprinkler/'>
INFO 2016-08-20 00:45:16,289 views 68439 139671191930624 views.index context: {'scheduler': <Scheduler: MySprinklerPi>, 'sprinkler_list': [<Sprinkler: 1|Flowers_>, <Sprinkler: 2|Side2>, <Sprinkler: 3|Deck_sprinkler3>, <Sprinkler: 4|Front_Yard4>]}
DEBUG 2016-08-20 00:45:16,369 views 68439 139671191930624 end views.index with request: <WSGIRequest: POST '/sprinkler/'>
DEBUG 2016-08-20 00:45:20,852 views 68439 139671191930624 beginning views.act for sprinkler_id: 4 with request: {"sprinkler":{"id":"4","status":true}}
INFO 2016-08-20 00:45:20,853 views 68439 139671191930624 RAW POST request : b'{"sprinkler":{"id":"4","status":true}}'
DEBUG 2016-08-20 00:45:20,857 views 68439 139671191930624 sprinkler port: 22
DEBUG 2016-08-20 00:45:20,860 views 68439 139671191930624 activate sprinkler : 4
DEBUG 2016-08-20 00:45:20,861 views 68439 139671191930624 end views.act for sprinkler_id: 4 with request: {"sprinkler":{"id":"4","status":true}}
DEBUG 2016-08-20 00:45:22,690 views 68439 139671191930624 beginning views.act for sprinkler_id: 4 with request: {"sprinkler":{"id":"4","status":false}}
INFO 2016-08-20 00:45:22,691 views 68439 139671191930624 RAW POST request : b'{"sprinkler":{"id":"4","status":false}}'
DEBUG 2016-08-20 00:45:22,693 views 68439 139671191930624 sprinkler port: 22
DEBUG 2016-08-20 00:45:22,693 views 68439 139671191930624 deactivate sprinkler : 4
DEBUG 2016-08-20 00:45:22,694 views 68439 139671191930624 end views.act for sprinkler_id: 4 with request: {"sprinkler":{"id":"4","status":false}}
DEBUG 2016-08-20 00:45:33,754 views 68467 139768803632896 beginning views.act for sprinkler_id: 4 with request: {"sprinkler":{"id":"4","status":true}}
INFO 2016-08-20 00:45:33,754 views 68467 139768803632896 RAW POST request : b'{"sprinkler":{"id":"4","status":true}}'
DEBUG 2016-08-20 00:45:33,787 views 68467 139768803632896 sprinkler port: 22
DEBUG 2016-08-20 00:45:33,787 views 68467 139768803632896 activate sprinkler : 4
DEBUG 2016-08-20 00:45:33,788 views 68467 139768803632896 end views.act for sprinkler_id: 4 with request: {"sprinkler":{"id":"4","status":true}}
DEBUG 2016-08-20 00:45:34,887 views 68467 139768803632896 beginning views.act for sprinkler_id: 4 with request: {"sprinkler":{"id":"4","status":false}}
INFO 2016-08-20 00:45:34,888 views 68467 139768803632896 RAW POST request : b'{"sprinkler":{"id":"4","status":false}}'
DEBUG 2016-08-20 00:45:34,890 views 68467 139768803632896 sprinkler port: 22
DEBUG 2016-08-20 00:45:34,890 views 68467 139768803632896 deactivate sprinkler : 4
DEBUG 2016-08-20 00:45:34,891 views 68467 139768803632896 end views.act for sprinkler_id: 4 with request: {"sprinkler":{"id":"4","status":false}}
DEBUG 2016-08-20 00:47:40,018 views 68533 140363332482816 beginning views.act for sprinkler_id: 4 with request: {"sprinkler":{"id":"4","status":true}}
INFO 2016-08-20 00:47:40,019 views 68533 140363332482816 RAW POST request : b'{"sprinkler":{"id":"4","status":true}}'
DEBUG 2016-08-20 00:47:40,028 views 68533 140363332482816 sprinkler port: 22
DEBUG 2016-08-20 00:47:40,029 views 68533 140363332482816 activate sprinkler : 4
DEBUG 2016-08-20 00:47:40,032 views 68533 140363332482816 end views.act for sprinkler_id: 4 with request: {"sprinkler":{"id":"4","status":true}}
DEBUG 2016-08-20 00:47:41,007 views 68533 140363332482816 beginning views.act for sprinkler_id: 4 with request: {"sprinkler":{"id":"4","status":false}}
INFO 2016-08-20 00:47:41,008 views 68533 140363332482816 RAW POST request : b'{"sprinkler":{"id":"4","status":false}}'
DEBUG 2016-08-20 00:47:41,010 views 68533 140363332482816 sprinkler port: 22
DEBUG 2016-08-20 00:47:41,011 views 68533 140363332482816 deactivate sprinkler : 4
DEBUG 2016-08-20 00:47:41,011 views 68533 140363332482816 end views.act for sprinkler_id: 4 with request: {"sprinkler":{"id":"4","status":false}}
DEBUG 2016-08-20 00:47:48,407 views 68544 139793635612416 beginning views.act for sprinkler_id: 4 with request: {"sprinkler":{"id":"4","status":true}}
INFO 2016-08-20 00:47:48,409 views 68544 139793635612416 RAW POST request : b'{"sprinkler":{"id":"4","status":true}}'
DEBUG 2016-08-20 00:47:48,419 views 68544 139793635612416 sprinkler port: 22
DEBUG 2016-08-20 00:47:48,420 views 68544 139793635612416 activate sprinkler : 4
DEBUG 2016-08-20 00:47:48,420 views 68544 139793635612416 end views.act for sprinkler_id: 4 with request: {"sprinkler":{"id":"4","status":true}}
DEBUG 2016-08-20 00:47:49,321 views 68544 139793635612416 beginning views.act for sprinkler_id: 4 with request: {"sprinkler":{"id":"4","status":false}}
INFO 2016-08-20 00:47:49,321 views 68544 139793635612416 RAW POST request : b'{"sprinkler":{"id":"4","status":false}}'
DEBUG 2016-08-20 00:47:49,323 views 68544 139793635612416 sprinkler port: 22
DEBUG 2016-08-20 00:47:49,324 views 68544 139793635612416 deactivate sprinkler : 4
DEBUG 2016-08-20 00:47:49,325 views 68544 139793635612416 end views.act for sprinkler_id: 4 with request: {"sprinkler":{"id":"4","status":false}}
DEBUG 2016-08-20 00:47:59,885 views 68557 140284048504576 beginning views.act for sprinkler_id: 4 with request: {"sprinkler":{"id":"4","status":true}}
INFO 2016-08-20 00:47:59,886 views 68557 140284048504576 RAW POST request : b'{"sprinkler":{"id":"4","status":true}}'
DEBUG 2016-08-20 00:47:59,896 views 68557 140284048504576 sprinkler port: 22
DEBUG 2016-08-20 00:47:59,897 views 68557 140284048504576 activate sprinkler : 4
DEBUG 2016-08-20 00:47:59,897 views 68557 140284048504576 end views.act for sprinkler_id: 4 with request: {"sprinkler":{"id":"4","status":true}}
DEBUG 2016-08-20 00:48:00,980 views 68557 140284048504576 beginning views.act for sprinkler_id: 4 with request: {"sprinkler":{"id":"4","status":false}}
INFO 2016-08-20 00:48:00,980 views 68557 140284048504576 RAW POST request : b'{"sprinkler":{"id":"4","status":false}}'
DEBUG 2016-08-20 00:48:00,982 views 68557 140284048504576 sprinkler port: 22
DEBUG 2016-08-20 00:48:00,983 views 68557 140284048504576 deactivate sprinkler : 4
DEBUG 2016-08-20 00:48:00,984 views 68557 140284048504576 end views.act for sprinkler_id: 4 with request: {"sprinkler":{"id":"4","status":false}}
DEBUG 2016-08-20 00:50:10,656 views 68598 140683329328896 beginning views.index with request: <WSGIRequest: POST '/sprinkler/'>
INFO 2016-08-20 00:50:10,671 views 68598 140683329328896 views.index context: {'sprinkler_list': [<Sprinkler: 1|Flowers_>, <Sprinkler: 2|Side2>, <Sprinkler: 3|Deck_sprinkler3>, <Sprinkler: 4|Front_Yard4>], 'scheduler': <Scheduler: MySprinklerPi>}
DEBUG 2016-08-20 00:50:10,749 views 68598 140683329328896 end views.index with request: <WSGIRequest: POST '/sprinkler/'>
DEBUG 2016-08-20 00:50:16,425 views 68598 140683329328896 beginning views.act for sprinkler_id: 1 with request: {"sprinkler":{"id":"1","status":true}}
INFO 2016-08-20 00:50:16,425 views 68598 140683329328896 RAW POST request : b'{"sprinkler":{"id":"1","status":true}}'
DEBUG 2016-08-20 00:50:16,428 views 68598 140683329328896 sprinkler port: 12
DEBUG 2016-08-20 00:50:16,430 views 68598 140683329328896 activate sprinkler : 1
DEBUG 2016-08-20 00:50:16,431 views 68598 140683329328896 end views.act for sprinkler_id: 1 with request: {"sprinkler":{"id":"1","status":true}}
DEBUG 2016-08-20 00:50:17,608 views 68598 140683329328896 beginning views.act for sprinkler_id: 1 with request: {"sprinkler":{"id":"1","status":false}}
INFO 2016-08-20 00:50:17,608 views 68598 140683329328896 RAW POST request : b'{"sprinkler":{"id":"1","status":false}}'
DEBUG 2016-08-20 00:50:17,610 views 68598 140683329328896 sprinkler port: 12
DEBUG 2016-08-20 00:50:17,611 views 68598 140683329328896 deactivate sprinkler : 1
DEBUG 2016-08-20 00:50:17,611 views 68598 140683329328896 end views.act for sprinkler_id: 1 with request: {"sprinkler":{"id":"1","status":false}}
DEBUG 2016-08-20 00:50:25,635 views 68622 140110377387776 beginning views.act for sprinkler_id: 1 with request: {"sprinkler":{"id":"1","status":true}}
INFO 2016-08-20 00:50:25,635 views 68622 140110377387776 RAW POST request : b'{"sprinkler":{"id":"1","status":true}}'
DEBUG 2016-08-20 00:50:25,648 views 68622 140110377387776 sprinkler port: 12
DEBUG 2016-08-20 00:50:25,649 views 68622 140110377387776 activate sprinkler : 1
DEBUG 2016-08-20 00:50:25,650 views 68622 140110377387776 end views.act for sprinkler_id: 1 with request: {"sprinkler":{"id":"1","status":true}}
DEBUG 2016-08-20 00:50:26,298 views 68622 140110377387776 beginning views.act for sprinkler_id: 1 with request: {"sprinkler":{"id":"1","status":false}}
INFO 2016-08-20 00:50:26,298 views 68622 140110377387776 RAW POST request : b'{"sprinkler":{"id":"1","status":false}}'
DEBUG 2016-08-20 00:50:26,301 views 68622 140110377387776 sprinkler port: 12
DEBUG 2016-08-20 00:50:26,301 views 68622 140110377387776 deactivate sprinkler : 1
DEBUG 2016-08-20 00:50:26,302 views 68622 140110377387776 end views.act for sprinkler_id: 1 with request: {"sprinkler":{"id":"1","status":false}}
DEBUG 2016-08-20 00:52:17,937 views 68661 140530616542976 beginning views.act for sprinkler_id: 1 with request: {"sprinkler":{"id":"1","status":true}}
INFO 2016-08-20 00:52:17,937 views 68661 140530616542976 RAW POST request : b'{"sprinkler":{"id":"1","status":true}}'
DEBUG 2016-08-20 00:52:17,945 views 68661 140530616542976 sprinkler port: 12
DEBUG 2016-08-20 00:52:17,950 views 68661 140530616542976 activate sprinkler : 1
DEBUG 2016-08-20 00:52:17,958 views 68661 140530616542976 end views.act for sprinkler_id: 1 with request: {"sprinkler":{"id":"1","status":true}}
DEBUG 2016-08-20 00:52:18,876 views 68661 140530616542976 beginning views.act for sprinkler_id: 1 with request: {"sprinkler":{"id":"1","status":false}}
INFO 2016-08-20 00:52:18,876 views 68661 140530616542976 RAW POST request : b'{"sprinkler":{"id":"1","status":false}}'
DEBUG 2016-08-20 00:52:18,878 views 68661 140530616542976 sprinkler port: 12
DEBUG 2016-08-20 00:52:18,879 views 68661 140530616542976 deactivate sprinkler : 1
DEBUG 2016-08-20 00:52:18,879 views 68661 140530616542976 end views.act for sprinkler_id: 1 with request: {"sprinkler":{"id":"1","status":false}}
DEBUG 2016-08-20 00:53:27,919 views 68699 140339702769408 beginning views.act for sprinkler_id: 1 with request: {"sprinkler":{"id":"1","status":true}}
INFO 2016-08-20 00:53:27,923 views 68699 140339702769408 RAW POST request : b'{"sprinkler":{"id":"1","status":true}}'
DEBUG 2016-08-20 00:53:27,928 views 68699 140339702769408 sprinkler port: 12
DEBUG 2016-08-20 00:53:27,930 views 68699 140339702769408 activate sprinkler : 1
DEBUG 2016-08-20 00:53:27,935 views 68699 140339702769408 end views.act for sprinkler_id: 1 with request: {"sprinkler":{"id":"1","status":true}}
DEBUG 2016-08-20 00:53:28,862 views 68699 140339702769408 beginning views.act for sprinkler_id: 1 with request: {"sprinkler":{"id":"1","status":false}}
INFO 2016-08-20 00:53:28,863 views 68699 140339702769408 RAW POST request : b'{"sprinkler":{"id":"1","status":false}}'
DEBUG 2016-08-20 00:53:28,865 views 68699 140339702769408 sprinkler port: 12
DEBUG 2016-08-20 00:53:28,866 views 68699 140339702769408 deactivate sprinkler : 1
DEBUG 2016-08-20 00:53:28,868 views 68699 140339702769408 end views.act for sprinkler_id: 1 with request: {"sprinkler":{"id":"1","status":false}}
DEBUG 2016-08-20 00:53:38,561 views 68714 140638554760960 beginning views.act for sprinkler_id: 1 with request: {"sprinkler":{"id":"1","status":true}}
INFO 2016-08-20 00:53:38,561 views 68714 140638554760960 RAW POST request : b'{"sprinkler":{"id":"1","status":true}}'
DEBUG 2016-08-20 00:53:38,566 views 68714 140638554760960 sprinkler port: 12
DEBUG 2016-08-20 00:53:38,567 views 68714 140638554760960 activate sprinkler : 1
DEBUG 2016-08-20 00:53:38,571 views 68714 140638554760960 end views.act for sprinkler_id: 1 with request: {"sprinkler":{"id":"1","status":true}}
DEBUG 2016-08-20 00:53:39,278 views 68714 140638554760960 beginning views.act for sprinkler_id: 1 with request: {"sprinkler":{"id":"1","status":false}}
INFO 2016-08-20 00:53:39,278 views 68714 140638554760960 RAW POST request : b'{"sprinkler":{"id":"1","status":false}}'
DEBUG 2016-08-20 00:53:39,281 views 68714 140638554760960 sprinkler port: 12
DEBUG 2016-08-20 00:53:39,281 views 68714 140638554760960 deactivate sprinkler : 1
DEBUG 2016-08-20 00:53:39,282 views 68714 140638554760960 end views.act for sprinkler_id: 1 with request: {"sprinkler":{"id":"1","status":false}}
DEBUG 2016-08-20 00:53:54,731 views 68730 140460862547712 beginning views.act for sprinkler_id: 1 with request: {"sprinkler":{"id":"1","status":true}}
INFO 2016-08-20 00:53:54,732 views 68730 140460862547712 RAW POST request : b'{"sprinkler":{"id":"1","status":true}}'
DEBUG 2016-08-20 00:53:54,740 views 68730 140460862547712 sprinkler port: 12
DEBUG 2016-08-20 00:53:54,742 views 68730 140460862547712 activate sprinkler : 1
DEBUG 2016-08-20 00:53:54,751 views 68730 140460862547712 end views.act for sprinkler_id: 1 with request: {"sprinkler":{"id":"1","status":true}}
DEBUG 2016-08-20 00:53:55,231 views 68730 140460862547712 beginning views.act for sprinkler_id: 1 with request: {"sprinkler":{"id":"1","status":false}}
INFO 2016-08-20 00:53:55,231 views 68730 140460862547712 RAW POST request : b'{"sprinkler":{"id":"1","status":false}}'
DEBUG 2016-08-20 00:53:55,234 views 68730 140460862547712 sprinkler port: 12
DEBUG 2016-08-20 00:53:55,234 views 68730 140460862547712 deactivate sprinkler : 1
DEBUG 2016-08-20 00:53:55,235 views 68730 140460862547712 end views.act for sprinkler_id: 1 with request: {"sprinkler":{"id":"1","status":false}}
DEBUG 2016-08-20 00:54:02,256 views 68742 140404888667904 beginning views.act for sprinkler_id: 1 with request: {"sprinkler":{"id":"1","status":true}}
INFO 2016-08-20 00:54:02,256 views 68742 140404888667904 RAW POST request : b'{"sprinkler":{"id":"1","status":true}}'
DEBUG 2016-08-20 00:54:02,259 views 68742 140404888667904 sprinkler port: 12
DEBUG 2016-08-20 00:54:02,262 views 68742 140404888667904 activate sprinkler : 1
DEBUG 2016-08-20 00:54:02,269 views 68742 140404888667904 end views.act for sprinkler_id: 1 with request: {"sprinkler":{"id":"1","status":true}}
DEBUG 2016-08-20 00:54:03,202 views 68742 140404888667904 beginning views.act for sprinkler_id: 1 with request: {"sprinkler":{"id":"1","status":false}}
INFO 2016-08-20 00:54:03,203 views 68742 140404888667904 RAW POST request : b'{"sprinkler":{"id":"1","status":false}}'
DEBUG 2016-08-20 00:54:03,205 views 68742 140404888667904 sprinkler port: 12
DEBUG 2016-08-20 00:54:03,205 views 68742 140404888667904 deactivate sprinkler : 1
DEBUG 2016-08-20 00:54:03,206 views 68742 140404888667904 end views.act for sprinkler_id: 1 with request: {"sprinkler":{"id":"1","status":false}}
DEBUG 2016-08-20 00:57:16,587 views 68820 140514162226944 beginning views.act for sprinkler_id: 1 with request: {"sprinkler":{"id":"1","status":true}}
INFO 2016-08-20 00:57:16,587 views 68820 140514162226944 RAW POST request : b'{"sprinkler":{"id":"1","status":true}}'
DEBUG 2016-08-20 00:57:16,590 views 68820 140514162226944 sprinkler port: 12
DEBUG 2016-08-20 00:57:16,590 views 68820 140514162226944 activate sprinkler : 1
DEBUG 2016-08-20 00:57:16,591 views 68820 140514162226944 end views.act for sprinkler_id: 1 with request: {"sprinkler":{"id":"1","status":true}}
